<?xml version="1.0" encoding="UTF-8"?>
<!-- Generated by org.testng.reporters.JUnitXMLReporter -->
<testsuite ignored="0" hostname="L-103345-23Aug" failures="0" tests="31" name="MasterListVendors" time="898.865" errors="0" timestamp="2025-05-28T18:29:44 IST">
  <testcase classname="com.ipacs.qa.testcases.MasterListVendorsTest" name="verifyIpacsLoginPage" time="4.975"/>
  <testcase classname="com.ipacs.qa.testcases.MasterListVendorsTest" name="verifyMasterListVendors" time="8.419"/>
  <testcase classname="com.ipacs.qa.testcases.MasterListVendorsTest" name="verifyAddVendorCategoryInMasterListVendors" time="35.55"/>
  <testcase classname="com.ipacs.qa.testcases.MasterListVendorsTest" name="verifyViewMasterList" time="9.589"/>
  <testcase classname="com.ipacs.qa.testcases.MasterListVendorsTest" name="verifyShowEntriesInViewMasterList" time="11.385"/>
  <testcase classname="com.ipacs.qa.testcases.MasterListVendorsTest" name="verifySortingInViewMasterList" time="22.102"/>
  <testcase classname="com.ipacs.qa.testcases.MasterListVendorsTest" name="verifySortingByVendorCategory" time="21.073"/>
  <testcase classname="com.ipacs.qa.testcases.MasterListVendorsTest" name="verifySortingByStatus" time="20.621"/>
  <testcase classname="com.ipacs.qa.testcases.MasterListVendorsTest" name="searchInViewMasterList" time="10.159"/>
  <testcase classname="com.ipacs.qa.testcases.MasterListVendorsTest" name="verifyPaginationInViewMasterList" time="31.392"/>
  <testcase classname="com.ipacs.qa.testcases.MasterListVendorsTest" name="editandverifyVendorNameHyperlinkInviewMasterList" time="27.643"/>
  <testcase classname="com.ipacs.qa.testcases.MasterListVendorsTest" name="verifyEditVendorNameInViewMasterList" time="9.864"/>
  <testcase classname="com.ipacs.qa.testcases.MasterListVendorsTest" name="verifyAddVendorInMasterListVendors" time="43.813"/>
  <testcase classname="com.ipacs.qa.testcases.MasterListVendorsTest" name="searchInViewMasterListVendorCategory" time="14.964"/>
  <testcase classname="com.ipacs.qa.testcases.MasterListVendorsTest" name="clickandverifyVendorCategoryNameHyperlinkInviewMasterList" time="18.25"/>
  <testcase classname="com.ipacs.qa.testcases.MasterListVendorsTest" name="verifySortingInVendorCategory" time="36.361"/>
  <testcase classname="com.ipacs.qa.testcases.MasterListVendorsTest" name="verifyDropDownAndSearchTextBoxInVendorCategoryPage" time="24.176"/>
  <testcase classname="com.ipacs.qa.testcases.MasterListVendorsTest" name="verifyValidationMessageOnVendorCategoryPage" time="20.227"/>
  <testcase classname="com.ipacs.qa.testcases.MasterListVendorsTest" name="verifyValidationMessageOnAddVendorPage" time="20.102"/>
  <testcase classname="com.ipacs.qa.testcases.MasterListVendorsTest" name="verifyManageComplaintAlertsSubTabInVendorCategoryPage" time="23.671"/>
  <testcase classname="com.ipacs.qa.testcases.MasterListVendorsTest" name="verifyShowEntriesInVendorListTabInVendorCategoryPage" time="17.931"/>
  <testcase classname="com.ipacs.qa.testcases.MasterListVendorsTest" name="verifySearchInVendorListTabInVendorCategoryPage" time="23.338"/>
  <testcase classname="com.ipacs.qa.testcases.MasterListVendorsTest" name="verifySortingInVendorListTabInVendorCategoryPage" time="39.605"/>
  <testcase classname="com.ipacs.qa.testcases.MasterListVendorsTest" name="verifyPaginationInVendorListTabInVendorCategoryPage" time="38.471"/>
  <testcase classname="com.ipacs.qa.testcases.MasterListVendorsTest" name="verifyValidationMessageOnManageComplaintAlertsPage" time="29.918"/>
  <testcase classname="com.ipacs.qa.testcases.MasterListVendorsTest" name="verifySearchInViewMasterListWithInvalidData" time="15.408"/>
  <testcase classname="com.ipacs.qa.testcases.MasterListVendorsTest" name="verifyInactiveVendorInViewMasterList" time="15.116"/>
  <testcase classname="com.ipacs.qa.testcases.MasterListVendorsTest" name="verifyActiveVendorInViewMasterList" time="15.756"/>
  <testcase classname="com.ipacs.qa.testcases.MasterListVendorsTest" name="verifySortingResultInViewMasterListUsingVendorName" time="22.254"/>
  <testcase classname="com.ipacs.qa.testcases.MasterListVendorsTest" name="verifySortingResultInViewMasterListUsingVendorCategory" time="20.624"/>
  <testcase classname="com.ipacs.qa.testcases.MasterListVendorsTest" name="verifySortingResultInViewMasterListUsingStatus" time="20.509"/>
</testsuite> <!-- MasterListVendors -->
