<?xml version="1.0" encoding="UTF-8"?>
<testng-results ignored="0" total="1" passed="1" failed="0" skipped="0">
  <reporter-output>
  </reporter-output>
  <suite started-at="2025-08-25T19:08:16 IST" name="Default suite" finished-at="2025-08-25T19:09:17 IST" duration-ms="61156">
    <groups>
    </groups>
    <test started-at="2025-08-25T19:08:16 IST" name="Default test" finished-at="2025-08-25T19:09:17 IST" duration-ms="61156">
      <class name="com.ipacs.qa.ecm.tests.ECM_AdminSectionTest">
        <test-method is-config="true" signature="setUp()[pri:0, instance:com.ipacs.qa.ecm.tests.ECM_AdminSectionTest@6150c3ec]" started-at="2025-08-25T19:08:17 IST" name="setUp" finished-at="2025-08-25T19:08:29 IST" duration-ms="11890" status="PASS">
          <reporter-output>
          </reporter-output>
        </test-method> <!-- setUp -->
        <test-method is-config="true" signature="setUpPageObject()[pri:0, instance:com.ipacs.qa.ecm.tests.ECM_AdminSectionTest@6150c3ec]" started-at="2025-08-25T19:08:29 IST" name="setUpPageObject" finished-at="2025-08-25T19:08:29 IST" duration-ms="52" status="PASS">
          <reporter-output>
          </reporter-output>
        </test-method> <!-- setUpPageObject -->
        <test-method signature="verifySearchBoxInUserLoginHistory()[pri:12, instance:com.ipacs.qa.ecm.tests.ECM_AdminSectionTest@6150c3ec]" started-at="2025-08-25T19:08:29 IST" name="verifySearchBoxInUserLoginHistory" finished-at="2025-08-25T19:09:15 IST" duration-ms="46700" status="PASS">
          <reporter-output>
          </reporter-output>
        </test-method> <!-- verifySearchBoxInUserLoginHistory -->
        <test-method is-config="true" signature="tearDown()[pri:0, instance:com.ipacs.qa.ecm.tests.ECM_AdminSectionTest@6150c3ec]" started-at="2025-08-25T19:09:16 IST" name="tearDown" finished-at="2025-08-25T19:09:17 IST" duration-ms="1570" status="PASS">
          <reporter-output>
          </reporter-output>
        </test-method> <!-- tearDown -->
      </class> <!-- com.ipacs.qa.ecm.tests.ECM_AdminSectionTest -->
    </test> <!-- Default test -->
  </suite> <!-- Default suite -->
</testng-results>
