<?xml version="1.0" encoding="UTF-8"?>
<testng-results ignored="0" total="1" passed="0" failed="1" skipped="0">
  <reporter-output>
  </reporter-output>
  <suite started-at="2025-08-22T16:03:18 IST" name="Default suite" finished-at="2025-08-22T16:03:49 IST" duration-ms="31554">
    <groups>
    </groups>
    <test started-at="2025-08-22T16:03:18 IST" name="Default test" finished-at="2025-08-22T16:03:49 IST" duration-ms="31554">
      <class name="com.ipacs.qa.ecm.tests.ECM_AdminSectionTest">
        <test-method is-config="true" signature="setUp()[pri:0, instance:com.ipacs.qa.ecm.tests.ECM_AdminSectionTest@6150c3ec]" started-at="2025-08-22T16:03:18 IST" name="setUp" finished-at="2025-08-22T16:03:25 IST" duration-ms="7305" status="PASS">
          <reporter-output>
          </reporter-output>
        </test-method> <!-- setUp -->
        <test-method is-config="true" signature="setUpPageObject()[pri:0, instance:com.ipacs.qa.ecm.tests.ECM_AdminSectionTest@6150c3ec]" started-at="2025-08-22T16:03:25 IST" name="setUpPageObject" finished-at="2025-08-22T16:03:25 IST" duration-ms="50" status="PASS">
          <reporter-output>
          </reporter-output>
        </test-method> <!-- setUpPageObject -->
        <test-method signature="verifySearchBoxInUserLoginHistory()[pri:12, instance:com.ipacs.qa.ecm.tests.ECM_AdminSectionTest@6150c3ec]" started-at="2025-08-22T16:03:25 IST" name="verifySearchBoxInUserLoginHistory" finished-at="2025-08-22T16:03:48 IST" duration-ms="23075" status="FAIL">
          <exception class="java.lang.RuntimeException">
            <message>
              <![CDATA[❌ Failed to select date for field 'startdate']]>
            </message>
            <full-stacktrace>
              <![CDATA[java.lang.RuntimeException: ❌ Failed to select date for field 'startdate'
at com.ipacs.qa.ecm.pages.ECM_AdminSection.selectDateFromZebraDatePicker(ECM_AdminSection.java:545)
at com.ipacs.qa.ecm.pages.ECM_AdminSection.verifySearchBoxInUserLoginHistory(ECM_AdminSection.java:473)
at com.ipacs.qa.ecm.tests.ECM_AdminSectionTest.verifySearchBoxInUserLoginHistory(ECM_AdminSectionTest.java:162)
at java.base/jdk.internal.reflect.DirectMethodHandleAccessor.invoke(DirectMethodHandleAccessor.java:103)
at java.base/java.lang.reflect.Method.invoke(Method.java:580)
at org.testng.internal.MethodInvocationHelper.invokeMethod(MethodInvocationHelper.java:133)
at org.testng.internal.TestInvoker.invokeMethod(TestInvoker.java:598)
at org.testng.internal.TestInvoker.invokeTestMethod(TestInvoker.java:173)
at org.testng.internal.MethodRunner.runInSequence(MethodRunner.java:46)
at org.testng.internal.TestInvoker$MethodInvocationAgent.invoke(TestInvoker.java:824)
at org.testng.internal.TestInvoker.invokeTestMethods(TestInvoker.java:146)
at org.testng.internal.TestMethodWorker.invokeTestMethods(TestMethodWorker.java:146)
at org.testng.internal.TestMethodWorker.run(TestMethodWorker.java:128)
at java.base/java.util.ArrayList.forEach(ArrayList.java:1597)
at org.testng.TestRunner.privateRun(TestRunner.java:794)
at org.testng.TestRunner.run(TestRunner.java:596)
at org.testng.SuiteRunner.runTest(SuiteRunner.java:377)
at org.testng.SuiteRunner.runSequentially(SuiteRunner.java:371)
at org.testng.SuiteRunner.privateRun(SuiteRunner.java:332)
at org.testng.SuiteRunner.run(SuiteRunner.java:276)
at org.testng.SuiteRunnerWorker.runSuite(SuiteRunnerWorker.java:53)
at org.testng.SuiteRunnerWorker.run(SuiteRunnerWorker.java:96)
at org.testng.TestNG.runSuitesSequentially(TestNG.java:1212)
at org.testng.TestNG.runSuitesLocally(TestNG.java:1134)
at org.testng.TestNG.runSuites(TestNG.java:1063)
at org.testng.TestNG.run(TestNG.java:1031)
at org.testng.remote.AbstractRemoteTestNG.run(AbstractRemoteTestNG.java:115)
at org.testng.remote.RemoteTestNG.initAndRun(RemoteTestNG.java:293)
at org.testng.remote.RemoteTestNG.main(RemoteTestNG.java:91)
Caused by: java.lang.RuntimeException: ❌ Could not navigate to expected month/year: july 2025
at com.ipacs.qa.ecm.pages.ECM_AdminSection.selectDateFromZebraDatePicker(ECM_AdminSection.java:528)
... 28 more
]]>
            </full-stacktrace>
          </exception> <!-- java.lang.RuntimeException -->
          <reporter-output>
          </reporter-output>
        </test-method> <!-- verifySearchBoxInUserLoginHistory -->
        <test-method is-config="true" signature="tearDown()[pri:0, instance:com.ipacs.qa.ecm.tests.ECM_AdminSectionTest@6150c3ec]" started-at="2025-08-22T16:03:49 IST" name="tearDown" finished-at="2025-08-22T16:03:49 IST" duration-ms="588" status="PASS">
          <reporter-output>
          </reporter-output>
        </test-method> <!-- tearDown -->
      </class> <!-- com.ipacs.qa.ecm.tests.ECM_AdminSectionTest -->
    </test> <!-- Default test -->
  </suite> <!-- Default suite -->
</testng-results>
